This is pdfTeX, Version 3.141592653-2.6-1.40.22 (TeX Live 2022/dev/Debian) (preloaded format=pdflatex 2024.2.5)  5 FEB 2024 17:43
entering extended mode
 restricted \write18 enabled.
 %&-line parsing enabled.
**./proposal.tex
(./proposal.tex
LaTeX2e <2021-11-15> patch level 1
L3 programming layer <2022-01-21>
(/usr/share/texlive/texmf-dist/tex/latex/base/article.cls
Document Class: article 2021/10/04 v1.4n Standard LaTeX document class
(/usr/share/texlive/texmf-dist/tex/latex/base/size10.clo
File: size10.clo 2021/10/04 v1.4n Standard LaTeX file (size option)
)
\c@part=\count185
\c@section=\count186
\c@subsection=\count187
\c@subsubsection=\count188
\c@paragraph=\count189
\c@subparagraph=\count190
\c@figure=\count191
\c@table=\count192
\abovecaptionskip=\skip47
\belowcaptionskip=\skip48
\bibindent=\dimen138
) (./aaai22.sty
Conference Style for AAAI for LaTeX 2e -- version for the AAAI-22 conference
\titlebox=\skip49
) (/usr/share/texlive/texmf-dist/tex/latex/psnfss/times.sty
Package: times 2020/03/25 PSNFSS-v9.3 (SPQR) 
)
(/usr/share/texlive/texmf-dist/tex/latex/psnfss/helvet.sty
Package: helvet 2020/03/25 PSNFSS-v9.3 (WaS) 

(/usr/share/texlive/texmf-dist/tex/latex/graphics/keyval.sty
Package: keyval 2014/10/28 v1.15 key=value parser (DPC)
\KV@toks@=\toks16
))
(/usr/share/texlive/texmf-dist/tex/latex/psnfss/courier.sty
Package: courier 2020/03/25 PSNFSS-v9.3 (WaS) 
)
(/usr/share/texlive/texmf-dist/tex/latex/url/url.sty
\Urlmuskip=\muskip16
Package: url 2013/09/16  ver 3.4  Verb mode for urls, etc.
)
(/usr/share/texlive/texmf-dist/tex/latex/graphics/graphicx.sty
Package: graphicx 2021/09/16 v1.2d Enhanced LaTeX Graphics (DPC,SPQR)

(/usr/share/texlive/texmf-dist/tex/latex/graphics/graphics.sty
Package: graphics 2021/03/04 v1.4d Standard LaTeX Graphics (DPC,SPQR)

(/usr/share/texlive/texmf-dist/tex/latex/graphics/trig.sty
Package: trig 2021/08/11 v1.11 sin cos tan (DPC)
)
(/usr/share/texlive/texmf-dist/tex/latex/graphics-cfg/graphics.cfg
File: graphics.cfg 2016/06/04 v1.11 sample graphics configuration
)
Package graphics Info: Driver file: pdftex.def on input line 107.

(/usr/share/texlive/texmf-dist/tex/latex/graphics-def/pdftex.def
File: pdftex.def 2020/10/05 v1.2a Graphics/color driver for pdftex
))
\Gin@req@height=\dimen139
\Gin@req@width=\dimen140
)
(/usr/share/texlive/texmf-dist/tex/latex/natbib/natbib.sty
Package: natbib 2010/09/13 8.31b (PWD, AO)
\bibhang=\skip50
\bibsep=\skip51
LaTeX Info: Redefining \cite on input line 694.
\c@NAT@ctr=\count193
)
(/usr/share/texlive/texmf-dist/tex/latex/caption/caption.sty
Package: caption 2020/10/26 v3.5g Customizing captions (AR)

(/usr/share/texlive/texmf-dist/tex/latex/caption/caption3.sty
Package: caption3 2020/10/21 v2.2e caption3 kernel (AR)
\captionmargin=\dimen141
\captionmargin@=\dimen142
\captionwidth=\dimen143
\caption@tempdima=\dimen144
\caption@indent=\dimen145
\caption@parindent=\dimen146
\caption@hangindent=\dimen147
Package caption Info: Standard document class detected.
)
\c@caption@flags=\count194
\c@continuedfloat=\count195
)
(/usr/share/texlive/texmf-dist/tex/latex/algorithms/algorithm.sty
Package: algorithm 2009/08/24 v0.1 Document Style `algorithm' - floating enviro
nment

(/usr/share/texlive/texmf-dist/tex/latex/float/float.sty
Package: float 2001/11/08 v1.3d Float enhancements (AL)
\c@float@type=\count196
\float@exts=\toks17
\float@box=\box50
\@float@everytoks=\toks18
\@floatcapt=\box51
)
(/usr/share/texlive/texmf-dist/tex/latex/base/ifthen.sty
Package: ifthen 2020/11/24 v1.1c Standard LaTeX ifthen package (DPC)
)
\@float@every@algorithm=\toks19
\c@algorithm=\count197
)
(/usr/share/texlive/texmf-dist/tex/latex/algorithms/algorithmic.sty
Package: algorithmic 2009/08/24 v0.1 Document Style `algorithmic'
\c@ALC@unique=\count198
\c@ALC@line=\count199
\c@ALC@rem=\count266
\c@ALC@depth=\count267
\ALC@tlm=\skip52
\algorithmicindent=\skip53
)
(/usr/share/texlive/texmf-dist/tex/latex/newfloat/newfloat.sty
Package: newfloat 2019/09/02 v1.1l Defining new floating environments (AR)
)
(/usr/share/texlive/texmf-dist/tex/latex/listings/listings.sty
\lst@mode=\count268
\lst@gtempboxa=\box52
\lst@token=\toks20
\lst@length=\count269
\lst@currlwidth=\dimen148
\lst@column=\count270
\lst@pos=\count271
\lst@lostspace=\dimen149
\lst@width=\dimen150
\lst@newlines=\count272
\lst@lineno=\count273
\lst@maxwidth=\dimen151

(/usr/share/texlive/texmf-dist/tex/latex/listings/lstmisc.sty
File: lstmisc.sty 2020/03/24 1.8d (Carsten Heinz)
\c@lstnumber=\count274
\lst@skipnumbers=\count275
\lst@framebox=\box53
)
(/usr/share/texlive/texmf-dist/tex/latex/listings/listings.cfg
File: listings.cfg 2020/03/24 1.8d listings configuration
))
Package: listings 2020/03/24 1.8d (Carsten Heinz)
\@float@every@listing=\toks21
\c@listing=\count276

(/usr/share/texlive/texmf-dist/tex/latex/natbib/bibentry.sty
Package: bibentry 2007/10/30 1.5 (PWD)
)
LaTeX Font Info:    Trying to load font information for OT1+ptm on input line 1
75.

(/usr/share/texlive/texmf-dist/tex/latex/psnfss/ot1ptm.fd
File: ot1ptm.fd 2001/06/04 font definitions for OT1/ptm.
)
(/usr/share/texlive/texmf-dist/tex/latex/l3backend/l3backend-pdftex.def
File: l3backend-pdftex.def 2022-01-12 L3 backend support: PDF output (pdfTeX)
\l__color_backend_stack_int=\count277
\l__pdf_internal_box=\box54
)
(./proposal.aux)
\openout1 = `proposal.aux'.

LaTeX Font Info:    Checking defaults for OML/cmm/m/it on input line 175.
LaTeX Font Info:    ... okay on input line 175.
LaTeX Font Info:    Checking defaults for OMS/cmsy/m/n on input line 175.
LaTeX Font Info:    ... okay on input line 175.
LaTeX Font Info:    Checking defaults for OT1/cmr/m/n on input line 175.
LaTeX Font Info:    ... okay on input line 175.
LaTeX Font Info:    Checking defaults for T1/cmr/m/n on input line 175.
LaTeX Font Info:    ... okay on input line 175.
LaTeX Font Info:    Checking defaults for TS1/cmr/m/n on input line 175.
LaTeX Font Info:    ... okay on input line 175.
LaTeX Font Info:    Checking defaults for OMX/cmex/m/n on input line 175.
LaTeX Font Info:    ... okay on input line 175.
LaTeX Font Info:    Checking defaults for U/cmr/m/n on input line 175.
LaTeX Font Info:    ... okay on input line 175.

(/usr/share/texlive/texmf-dist/tex/context/base/mkii/supp-pdf.mkii
[Loading MPS to PDF converter (version 2006.09.02).]
\scratchcounter=\count278
\scratchdimen=\dimen152
\scratchbox=\box55
\nofMPsegments=\count279
\nofMParguments=\count280
\everyMPshowfont=\toks22
\MPscratchCnt=\count281
\MPscratchDim=\dimen153
\MPnumerator=\count282
\makeMPintoPDFobject=\count283
\everyMPtoPDFconversion=\toks23
) (/usr/share/texlive/texmf-dist/tex/latex/epstopdf-pkg/epstopdf-base.sty
Package: epstopdf-base 2020-01-24 v2.11 Base part for package epstopdf
Package epstopdf-base Info: Redefining graphics rule for `.eps' on input line 4
85.

(/usr/share/texlive/texmf-dist/tex/latex/latexconfig/epstopdf-sys.cfg
File: epstopdf-sys.cfg 2010/07/13 v1.3 Configuration of (r)epstopdf for TeX Liv
e
))
Package caption Info: Begin \AtBeginDocument code.
Package caption Info: float package is loaded.
Package caption Info: listings package is loaded.
Package caption Info: End \AtBeginDocument code.
Package newfloat Info: `float' package detected.
\c@lstlisting=\count284
\c@eqfn=\count285
\titlearea=\box56
LaTeX Font Info:    External font `cmex10' loaded for size
(Font)              <14.4> on input line 177.
LaTeX Font Info:    External font `cmex10' loaded for size
(Font)              <7> on input line 177.
LaTeX Font Info:    External font `cmex10' loaded for size
(Font)              <12> on input line 177.
LaTeX Font Info:    External font `cmex10' loaded for size
(Font)              <8> on input line 177.
LaTeX Font Info:    External font `cmex10' loaded for size
(Font)              <6> on input line 177.
LaTeX Font Info:    External font `cmex10' loaded for size
(Font)              <5> on input line 177.
\actualheight=\skip54
LaTeX Font Info:    Trying to load font information for TS1+ptm on input line 1
77.

(/usr/share/texlive/texmf-dist/tex/latex/psnfss/ts1ptm.fd
File: ts1ptm.fd 2001/06/04 font definitions for TS1/ptm.
)
LaTeX Font Info:    External font `cmex10' loaded for size
(Font)              <9> on input line 177.
 [1{/var/lib/texmf/fonts/map/pdftex/updmap/pdftex.map}



] [2]
LaTeX Font Info:    Trying to load font information for OT1+pcr on input line 2
70.

(/usr/share/texlive/texmf-dist/tex/latex/psnfss/ot1pcr.fd
File: ot1pcr.fd 2001/06/04 font definitions for OT1/pcr.
)
Overfull \hbox (8.80545pt too wide) in paragraph at lines 306--306
 []\OT1/pcr/m/n/7 % Don't use accents or commands. Retain the parentheses.[] 
 []

LaTeX Font Info:    External font `cmex10' loaded for size
(Font)              <10.95> on input line 331.
LaTeX Font Info:    Trying to load font information for OMS+ptm on input line 3
51.
(/usr/share/texlive/texmf-dist/tex/latex/psnfss/omsptm.fd
File: omsptm.fd 
)
LaTeX Font Info:    Font shape `OMS/ptm/m/n' in size <10> not available
(Font)              Font shape `OMS/cmsy/m/n' tried instead on input line 351.
 [3]
Underfull \hbox (badness 10000) in paragraph at lines 426--427
[]\OT1/ptm/m/n/10 Commands that al-ter page lay-out are for-bid-
 []


Underfull \hbox (badness 7832) in paragraph at lines 426--427
\OT1/ptm/m/n/10 den. These in-clude \OMS/cmsy/m/n/10 n\OT1/ptm/m/n/10 columnsep
, \OMS/cmsy/m/n/10 n\OT1/ptm/m/n/10 float, \OMS/cmsy/m/n/10 n\OT1/ptm/m/n/10 to
pmargin,
 []


Underfull \hbox (badness 3049) in paragraph at lines 426--427
\OMS/cmsy/m/n/10 n\OT1/ptm/m/n/10 topskip, \OMS/cmsy/m/n/10 n\OT1/ptm/m/n/10 te
xtheight, \OMS/cmsy/m/n/10 n\OT1/ptm/m/n/10 textwidth, \OMS/cmsy/m/n/10 n\OT1/p
tm/m/n/10 oddsidemargin, and
 []


Underfull \hbox (badness 1264) in paragraph at lines 443--445
 \OT1/ptm/b/n/10 Ob-tain-ing Type 1 Com-puter Mod-ern for L[]T[]X. \OT1/ptm/m/n
/10 If
 []


Underfull \hbox (badness 1281) in paragraph at lines 443--445
\OT1/ptm/m/n/10 pa-per (you can-not use it for the text) you may need
 []

[4]
Underfull \hbox (badness 2213) in paragraph at lines 455--456
 \OT1/ptm/b/n/10 For-mat-ting Au-thor In-for-ma-tion. \OT1/ptm/m/n/10 Au-thor i
n-for-ma-tion
 []


Underfull \hbox (badness 1231) in paragraph at lines 497--498
\OT1/ptm/m/n/10 The copy-right no-tice au-to-mat-i-cally ap-pears if you use
 []

LaTeX Font Info:    Font shape `OMS/ptm/m/n' in size <9> not available
(Font)              Font shape `OMS/cmsy/m/n' tried instead on input line 505.
[5]
Underfull \hbox (badness 3209) in paragraph at lines 544--545
 \OT1/ptm/b/n/10 Sec-tion Head-ings. \OT1/ptm/m/n/10 Sec-tions should be ar-ran
ged and
 []

LaTeX Font Info:    Trying to load font information for OMS+pcr on input line 5
54.
(/usr/share/texlive/texmf-dist/tex/latex/psnfss/omspcr.fd
File: omspcr.fd 
)
LaTeX Font Info:    Font shape `OMS/pcr/m/n' in size <10> not available
(Font)              Font shape `OMS/cmsy/m/n' tried instead on input line 554.

Underfull \hbox (badness 1377) in paragraph at lines 563--564
 \OT1/ptm/b/n/10 Ref-er-ences. \OT1/ptm/m/n/10 The ref-er-ences sec-tion should
 be la-beled
 []


! LaTeX Error: File `figure1' not found.

See the LaTeX manual or LaTeX Companion for explanation.
Type  H <return>  for immediate help.
 ...                                              
                                                  
l.569 ...egraphics[width=0.9\columnwidth]{figure1}
                                                   % Reduce the figure size ...

? 

! LaTeX Error: File `figure2' not found.

See the LaTeX manual or LaTeX Companion for explanation.
Type  H <return>  for immediate help.
 ...                                              
                                                  
l.576 ...udegraphics[width=0.8\textwidth]{figure2}
                                                   % Reduce the figure size ...

? 
[6]
Underfull \hbox (badness 10000) in paragraph at lines 607--608
 \OT1/ptm/b/n/10 Low-Resolution Bitmaps. \OT1/ptm/m/n/10 You may not use low-
 []


Underfull \hbox (badness 5403) in paragraph at lines 607--608
\OT1/ptm/m/n/10 resolution (such as 72 dpi) screen-dumps and GIF
 []


Underfull \hbox (badness 10000) in paragraph at lines 631--632
[]\OT1/ptm/m/n/10 In L[]T[]X al-go-rithms may be type-set us-ing the
 []


Underfull \hbox (badness 4024) in paragraph at lines 631--632
\OT1/pcr/m/n/10 algorithm \OT1/ptm/m/n/10 and \OT1/pcr/m/n/10 algorithmic \OT1/
ptm/m/n/10 pack-ages, but you
 []

(/usr/share/texlive/texmf-dist/tex/latex/listings/lstlang1.sty
File: lstlang1.sty 2020/03/24 1.8d listings language file
)
(/usr/share/texlive/texmf-dist/tex/latex/listings/lstlang2.sty
File: lstlang2.sty 2020/03/24 1.8d listings language file
) [7]
Underfull \hbox (badness 1953) in paragraph at lines 684--685
\OT1/ptm/m/n/10 You must re-duce the size equally for both font size
 []

LaTeX Font Info:    Font shape `OMS/ptm/m/it' in size <10> not available
(Font)              Font shape `OMS/cmsy/m/n' tried instead on input line 690.
[8]
Underfull \hbox (badness 1028) in paragraph at lines 725--726
\OT1/ptm/m/n/10 L[]T[]X is a dif-fi-cult pro-gram to mas-ter. If you've used
 []


Underfull \hbox (badness 1389) in paragraph at lines 725--726
\OT1/ptm/m/n/10 that soft-ware, and this doc-u-ment didn't help or some
 []


Underfull \hbox (badness 1087) in paragraph at lines 725--726
\OT1/ptm/m/n/10 2002/08/13) about ob-tain-ing cor-rect PS/PDF out-put on
 []

No file proposal.bbl.

Package natbib Warning: Citation `em:86' undefined on input line 734.


Package natbib Warning: Citation `em:86' undefined on input line 735.


Package natbib Warning: Citation `r:80' undefined on input line 737.


Package natbib Warning: Citation `hcr:83' undefined on input line 737.


Package natbib Warning: Citation `r:80' undefined on input line 738.


Package natbib Warning: Citation `hcr:83' undefined on input line 739.


Underfull \hbox (badness 1983) in paragraph at lines 737--740
 \OT1/ptm/b/n/10 Jour-nal and mag-a-zine ar-ti-cles \OT1/ptm/m/n/10 Use the \OT
1/pcr/m/n/10 @article
 []


Package natbib Warning: Citation `c:83' undefined on input line 741.


Package natbib Warning: Citation `c:84' undefined on input line 741.


Package natbib Warning: Citation `c:84' undefined on input line 742.


Package natbib Warning: Citation `c:83' undefined on input line 743.


Package natbib Warning: Citation `r:86' undefined on input line 745.


Package natbib Warning: Citation `r:86' undefined on input line 746.


Underfull \hbox (badness 1902) in paragraph at lines 745--747
 \OT1/ptm/b/n/10 Uni-ver-sity tech-ni-cal re-port \OT1/ptm/m/n/10 Use the \OT1/
pcr/m/n/10 @techreport
 []


Package natbib Warning: Citation `c:79' undefined on input line 748.


Package natbib Warning: Citation `c:79' undefined on input line 749.


Package natbib Warning: Citation `c:21' undefined on input line 751.


Package natbib Warning: Citation `c:21' undefined on input line 762.


Package natbib Warning: Citation `c:22' undefined on input line 764.


Package natbib Warning: Citation `c:22' undefined on input line 776.


Package natbib Warning: Citation `c:23' undefined on input line 778.


Package natbib Warning: Citation `c:23' undefined on input line 790.


Underfull \hbox (badness 2221) in paragraph at lines 793--794
\OT1/ptm/m/n/10 style, please con-sult the \OT1/ptm/m/it/10 AI Mag-a-zine \OT1/
ptm/m/n/10 Au-thor Guide-
 []


Underfull \hbox (badness 10000) in paragraph at lines 793--794
\OT1/ptm/m/n/10 lines at $https : / / aaai . org / ojs / index . php / aimagazi
ne / about /
 []

No file proposal.bbl.

Package natbib Warning: There were undefined citations.

[9] (./proposal.aux)

LaTeX Warning: Label(s) may have changed. Rerun to get cross-references right.

 ) 
Here is how much of TeX's memory you used:
 6054 strings out of 480171
 95424 string characters out of 5894490
 603439 words of memory out of 5000000
 23928 multiletter control sequences out of 15000+600000
 498938 words of font info for 85 fonts, out of 8000000 for 9000
 59 hyphenation exceptions out of 8191
 55i,8n,63p,902b,1830s stack positions out of 5000i,500n,10000p,200000b,80000s
{/usr/share/texlive/texmf-dist/fonts/enc/dvips/base/8r.enc}</usr/share/texliv
e/texmf-dist/fonts/type1/public/amsfonts/cm/cmmi10.pfb></usr/share/texlive/texm
f-dist/fonts/type1/public/amsfonts/cm/cmr10.pfb></usr/share/texlive/texmf-dist/
fonts/type1/public/amsfonts/cm/cmsy10.pfb></usr/share/texlive/texmf-dist/fonts/
type1/public/amsfonts/cm/cmsy9.pfb></usr/share/texlive/texmf-dist/fonts/type1/u
rw/courier/ucrb8a.pfb></usr/share/texlive/texmf-dist/fonts/type1/urw/courier/uc
rr8a.pfb></usr/share/texlive/texmf-dist/fonts/type1/urw/times/utmb8a.pfb></usr/
share/texlive/texmf-dist/fonts/type1/urw/times/utmr8a.pfb></usr/share/texlive/t
exmf-dist/fonts/type1/urw/times/utmri8a.pfb>
Output written on proposal.pdf (9 pages, 152810 bytes).
PDF statistics:
 80 PDF objects out of 1000 (max. 8388607)
 50 compressed objects within 1 object stream
 0 named destinations out of 1000 (max. 500000)
 1 words of extra memory for PDF output out of 10000 (max. 10000000)

